This is pdfTeX, Version 3.14159265-2.6-1.40.16 (MiKTeX 2.9 64-bit) (preloaded format=pdflatex 2016.5.9)  16 NOV 2016 18:48
entering extended mode
**./principal.tex
(principal.tex
LaTeX2e <2015/10/01> patch level 2
Babel <3.9n> and hyphenation patterns for 69 languages loaded.
("C:\Users\1896491\AppData\Local\Programs\MiKTeX 2.9\tex\latex\base\book.cls"
Document Class: book 2014/09/29 v1.4h Standard LaTeX document class
("C:\Users\1896491\AppData\Local\Programs\MiKTeX 2.9\tex\latex\base\bk12.clo"
File: bk12.clo 2014/09/29 v1.4h Standard LaTeX file (size option)
)
\c@part=\count79
\c@chapter=\count80
\c@section=\count81
\c@subsection=\count82
\c@subsubsection=\count83
\c@paragraph=\count84
\c@subparagraph=\count85
\c@figure=\count86
\c@table=\count87
\abovecaptionskip=\skip41
\belowcaptionskip=\skip42
\bibindent=\dimen102
)
("C:\Users\1896491\AppData\Local\Programs\MiKTeX 2.9\tex\latex\base\inputenc.st
y"
Package: inputenc 2015/03/17 v1.2c Input encoding file
\inpenc@prehook=\toks14
\inpenc@posthook=\toks15

("C:\Users\1896491\AppData\Local\Programs\MiKTeX 2.9\tex\latex\base\latin1.def"
File: latin1.def 2015/03/17 v1.2c Input encoding file
)) ("C:\Users\1896491\AppData\Local\Programs\MiKTeX 2.9\tex\latex\ae\ae.sty"
Package: ae 2001/02/12 1.3 Almost European Computer Modern

("C:\Users\1896491\AppData\Local\Programs\MiKTeX 2.9\tex\latex\base\fontenc.sty
"
Package: fontenc 2005/09/27 v1.99g Standard LaTeX package
 ("C:\Users\1896491\AppData\Local\Programs\MiKTeX 2.9\tex\latex\base\t1enc.def"
File: t1enc.def 2005/09/27 v1.99g Standard LaTeX file
LaTeX Font Info:    Redeclaring font encoding T1 on input line 48.
)
LaTeX Font Info:    Try loading font information for T1+aer on input line 105.
 ("C:\Users\1896491\AppData\Local\Programs\MiKTeX 2.9\tex\latex\ae\t1aer.fd"
File: t1aer.fd 1997/11/16 Font definitions for T1/aer.
)))
("C:\Users\1896491\AppData\Local\Programs\MiKTeX 2.9\tex\latex\pslatex\pslatex.
sty"
Package: pslatex 1996/07/24 v1.2 pslatex emulation (DPC)
LaTeX Font Info:    Redeclaring symbol font `operators' on input line 65.
LaTeX Font Info:    Overwriting symbol font `operators' in version `normal'
(Font)                  OT1/cmr/m/n --> OT1/ptmcm/m/n on input line 65.
LaTeX Font Info:    Overwriting symbol font `operators' in version `bold'
(Font)                  OT1/cmr/bx/n --> OT1/ptmcm/m/n on input line 65.
LaTeX Font Info:    Redeclaring symbol font `letters' on input line 66.
LaTeX Font Info:    Overwriting symbol font `letters' in version `normal'
(Font)                  OML/cmm/m/it --> OML/ptmcm/m/it on input line 66.
LaTeX Font Info:    Overwriting symbol font `letters' in version `bold'
(Font)                  OML/cmm/b/it --> OML/ptmcm/m/it on input line 66.
LaTeX Font Info:    Redeclaring symbol font `symbols' on input line 67.
LaTeX Font Info:    Overwriting symbol font `symbols' in version `normal'
(Font)                  OMS/cmsy/m/n --> OMS/pzccm/m/n on input line 67.
LaTeX Font Info:    Overwriting symbol font `symbols' in version `bold'
(Font)                  OMS/cmsy/b/n --> OMS/pzccm/m/n on input line 67.
LaTeX Font Info:    Redeclaring symbol font `largesymbols' on input line 68.
LaTeX Font Info:    Overwriting symbol font `largesymbols' in version `normal'
(Font)                  OMX/cmex/m/n --> OMX/psycm/m/n on input line 68.
LaTeX Font Info:    Overwriting symbol font `largesymbols' in version `bold'
(Font)                  OMX/cmex/m/n --> OMX/psycm/m/n on input line 68.
\symbold=\mathgroup4
\symitalic=\mathgroup5
LaTeX Font Info:    Redeclaring math alphabet \mathbf on input line 74.
LaTeX Font Info:    Overwriting math alphabet `\mathbf' in version `normal'
(Font)                  OT1/cmr/bx/n --> OT1/ptm/bx/n on input line 74.
LaTeX Font Info:    Overwriting math alphabet `\mathbf' in version `bold'
(Font)                  OT1/cmr/bx/n --> OT1/ptm/bx/n on input line 74.
LaTeX Font Info:    Redeclaring math alphabet \mathit on input line 75.
LaTeX Font Info:    Overwriting math alphabet `\mathit' in version `normal'
(Font)                  OT1/cmr/m/it --> OT1/ptm/m/it on input line 75.
LaTeX Font Info:    Overwriting math alphabet `\mathit' in version `bold'
(Font)                  OT1/cmr/bx/it --> OT1/ptm/m/it on input line 75.
)
("C:\Users\1896491\AppData\Local\Programs\MiKTeX 2.9\tex\generic\babel\babel.st
y"
Package: babel 2016/01/08 3.9n The Babel package

*************************************
* Local config file bblopts.cfg used
*

("C:\Users\1896491\AppData\Local\Programs\MiKTeX 2.9\tex\latex\00miktex\bblopts
.cfg"
File: bblopts.cfg 2006/07/31 v1.0 MiKTeX 'babel' configuration
)
("C:\Users\1896491\AppData\Local\Programs\MiKTeX 2.9\tex\latex\babel-portuges\p
ortuges.ldf"
Language: portuges 2008/03/18 v1.2q Portuguese support from the babel system

("C:\Users\1896491\AppData\Local\Programs\MiKTeX 2.9\tex\generic\babel\babel.de
f"
File: babel.def 2016/01/08 3.9n Babel common definitions
\babel@savecnt=\count88
\U@D=\dimen103
)
Package babel Info: Making " an active character on input line 145.
)
("C:\Users\1896491\AppData\Local\Programs\MiKTeX 2.9\tex\latex\babel-portuges\p
ortuges.ldf"
Language: portuges 2008/03/18 v1.2q Portuguese support from the babel system
\l@brazil = a dialect from \language\l@portuges 
))
("C:\Users\1896491\AppData\Local\Programs\MiKTeX 2.9\tex\latex\tools\indentfirs
t.sty"
Package: indentfirst 1995/11/23 v1.03 Indent first paragraph (DPC)
)
("C:\Users\1896491\AppData\Local\Programs\MiKTeX 2.9\tex\latex\graphics\graphic
x.sty"
Package: graphicx 2014/10/28 v1.0g Enhanced LaTeX Graphics (DPC,SPQR)

("C:\Users\1896491\AppData\Local\Programs\MiKTeX 2.9\tex\latex\graphics\keyval.
sty"
Package: keyval 2014/10/28 v1.15 key=value parser (DPC)
\KV@toks@=\toks16
)
("C:\Users\1896491\AppData\Local\Programs\MiKTeX 2.9\tex\latex\graphics\graphic
s.sty"
Package: graphics 2014/10/28 v1.0p Standard LaTeX Graphics (DPC,SPQR)

("C:\Users\1896491\AppData\Local\Programs\MiKTeX 2.9\tex\latex\graphics\trig.st
y"
Package: trig 1999/03/16 v1.09 sin cos tan (DPC)
)
("C:\Users\1896491\AppData\Local\Programs\MiKTeX 2.9\tex\latex\00miktex\graphic
s.cfg"
File: graphics.cfg 2007/01/18 v1.5 graphics configuration of teTeX/TeXLive
)
Package graphics Info: Driver file: pdftex.def on input line 94.

("C:\Users\1896491\AppData\Local\Programs\MiKTeX 2.9\tex\latex\pdftex-def\pdfte
x.def"
File: pdftex.def 2011/05/27 v0.06d Graphics/color for pdfTeX

("C:\Users\1896491\AppData\Local\Programs\MiKTeX 2.9\tex\generic\oberdiek\infwa
rerr.sty"
Package: infwarerr 2010/04/08 v1.3 Providing info/warning/error messages (HO)
)
("C:\Users\1896491\AppData\Local\Programs\MiKTeX 2.9\tex\generic\oberdiek\ltxcm
ds.sty"
Package: ltxcmds 2011/11/09 v1.22 LaTeX kernel commands for general use (HO)
)
\Gread@gobject=\count89
))
\Gin@req@height=\dimen104
\Gin@req@width=\dimen105
)
("C:\Users\1896491\AppData\Local\Programs\MiKTeX 2.9\tex\latex\wrapfig\wrapfig.
sty"
\wrapoverhang=\dimen106
\WF@size=\dimen107
\c@WF@wrappedlines=\count90
\WF@box=\box26
\WF@everypar=\toks17
Package: wrapfig 2003/01/31  v 3.6
)
("C:\Users\1896491\AppData\Local\Programs\MiKTeX 2.9\tex\latex\graphics\lscape.
sty"
Package: lscape 2000/10/22 v3.01 Landscape Pages (DPC)
)
("C:\Users\1896491\AppData\Local\Programs\MiKTeX 2.9\tex\latex\rotating\rotatin
g.sty"
Package: rotating 2009/03/28 v2.16a rotated objects in LaTeX

("C:\Users\1896491\AppData\Local\Programs\MiKTeX 2.9\tex\latex\base\ifthen.sty"
Package: ifthen 2014/09/29 v1.1c Standard LaTeX ifthen package (DPC)
)
\c@r@tfl@t=\count91
\rotFPtop=\skip43
\rotFPbot=\skip44
\rot@float@box=\box27
\rot@mess@toks=\toks18
)
("C:\Users\1896491\AppData\Local\Programs\MiKTeX 2.9\tex\latex\oberdiek\epstopd
f.sty"
Package: epstopdf 2010/02/09 v2.5 Conversion with epstopdf on the fly (HO)

("C:\Users\1896491\AppData\Local\Programs\MiKTeX 2.9\tex\latex\oberdiek\epstopd
f-base.sty"
Package: epstopdf-base 2010/02/09 v2.5 Base part for package epstopdf

("C:\Users\1896491\AppData\Local\Programs\MiKTeX 2.9\tex\latex\oberdiek\grfext.
sty"
Package: grfext 2010/08/19 v1.1 Manage graphics extensions (HO)

("C:\Users\1896491\AppData\Local\Programs\MiKTeX 2.9\tex\generic\oberdiek\kvdef
inekeys.sty"
Package: kvdefinekeys 2011/04/07 v1.3 Define keys (HO)
))
("C:\Users\1896491\AppData\Local\Programs\MiKTeX 2.9\tex\latex\oberdiek\kvoptio
ns.sty"
Package: kvoptions 2011/06/30 v3.11 Key value format for package options (HO)

("C:\Users\1896491\AppData\Local\Programs\MiKTeX 2.9\tex\generic\oberdiek\kvset
keys.sty"
Package: kvsetkeys 2012/04/25 v1.16 Key value parser (HO)

("C:\Users\1896491\AppData\Local\Programs\MiKTeX 2.9\tex\generic\oberdiek\etexc
mds.sty"
Package: etexcmds 2011/02/16 v1.5 Avoid name clashes with e-TeX commands (HO)

("C:\Users\1896491\AppData\Local\Programs\MiKTeX 2.9\tex\generic\oberdiek\iflua
tex.sty"
Package: ifluatex 2010/03/01 v1.3 Provides the ifluatex switch (HO)
Package ifluatex Info: LuaTeX not detected.
)
Package etexcmds Info: Could not find \expanded.
(etexcmds)             That can mean that you are not using pdfTeX 1.50 or
(etexcmds)             that some package has redefined \expanded.
(etexcmds)             In the latter case, load this package earlier.
)))
("C:\Users\1896491\AppData\Local\Programs\MiKTeX 2.9\tex\generic\oberdiek\pdfte
xcmds.sty"
Package: pdftexcmds 2011/11/29 v0.20 Utility functions of pdfTeX for LuaTeX (HO
)

("C:\Users\1896491\AppData\Local\Programs\MiKTeX 2.9\tex\generic\oberdiek\ifpdf
.sty"
Package: ifpdf 2011/01/30 v2.3 Provides the ifpdf switch (HO)
Package ifpdf Info: pdfTeX in PDF mode is detected.
)
Package pdftexcmds Info: LuaTeX not detected.
Package pdftexcmds Info: \pdf@primitive is available.
Package pdftexcmds Info: \pdf@ifprimitive is available.
Package pdftexcmds Info: \pdfdraftmode found.
)
Package grfext Info: Graphics extension search list:
(grfext)             [.png,.pdf,.jpg,.mps,.jpeg,.jbig2,.jb2,.PNG,.PDF,.JPG,.JPE
G,.JBIG2,.JB2,.eps]
(grfext)             \AppendGraphicsExtensions on input line 452.
))
("C:\Users\1896491\AppData\Local\Programs\MiKTeX 2.9\tex\latex\nomencl\nomencl.
sty"
Package: nomencl 2005/09/22 v4.2 Nomenclature package (LN)
\nomlabelwidth=\dimen108
\nom@tempdim=\dimen109
\nomitemsep=\skip45
)
("C:\Users\1896491\AppData\Local\Programs\MiKTeX 2.9\tex\latex\setspace\setspac
e.sty"
Package: setspace 2011/12/19 v6.7a set line spacing
)
("C:\Users\1896491\AppData\Local\Programs\MiKTeX 2.9\tex\latex\amsmath\amsmath.
sty"
Package: amsmath 2013/01/14 v2.14 AMS math features
\@mathmargin=\skip46

For additional information on amsmath, use the `?' option.

("C:\Users\1896491\AppData\Local\Programs\MiKTeX 2.9\tex\latex\amsmath\amstext.
sty"
Package: amstext 2000/06/29 v2.01

("C:\Users\1896491\AppData\Local\Programs\MiKTeX 2.9\tex\latex\amsmath\amsgen.s
ty"
File: amsgen.sty 1999/11/30 v2.0
\@emptytoks=\toks19
\ex@=\dimen110
))
("C:\Users\1896491\AppData\Local\Programs\MiKTeX 2.9\tex\latex\amsmath\amsbsy.s
ty"
Package: amsbsy 1999/11/29 v1.2d
\pmbraise@=\dimen111
)
("C:\Users\1896491\AppData\Local\Programs\MiKTeX 2.9\tex\latex\amsmath\amsopn.s
ty"
Package: amsopn 1999/12/14 v2.01 operator names
)
\inf@bad=\count92
LaTeX Info: Redefining \frac on input line 210.
\uproot@=\count93
\leftroot@=\count94
LaTeX Info: Redefining \overline on input line 306.
\classnum@=\count95
\DOTSCASE@=\count96
LaTeX Info: Redefining \ldots on input line 378.
LaTeX Info: Redefining \dots on input line 381.
LaTeX Info: Redefining \cdots on input line 466.
\Mathstrutbox@=\box28
\strutbox@=\box29
\big@size=\dimen112
LaTeX Font Info:    Redeclaring font encoding OML on input line 566.
LaTeX Font Info:    Redeclaring font encoding OMS on input line 567.
\macc@depth=\count97
\c@MaxMatrixCols=\count98
\dotsspace@=\muskip10
\c@parentequation=\count99
\dspbrk@lvl=\count100
\tag@help=\toks20
\row@=\count101
\column@=\count102
\maxfields@=\count103
\andhelp@=\toks21
\eqnshift@=\dimen113
\alignsep@=\dimen114
\tagshift@=\dimen115
\tagwidth@=\dimen116
\totwidth@=\dimen117
\lineht@=\dimen118
\@envbody=\toks22
\multlinegap=\skip47
\multlinetaggap=\skip48
\mathdisplay@stack=\toks23
LaTeX Info: Redefining \[ on input line 2665.
LaTeX Info: Redefining \] on input line 2666.
)
("C:\Users\1896491\AppData\Local\Programs\MiKTeX 2.9\tex\latex\tools\verbatim.s
ty"
Package: verbatim 2014/10/28 v1.5q LaTeX2e package for verbatim enhancements
\every@verbatim=\toks24
\verbatim@line=\toks25
\verbatim@in@stream=\read1
)
("C:\Users\1896491\AppData\Local\Programs\MiKTeX 2.9\tex\latex\tools\tabularx.s
ty"
Package: tabularx 2014/10/28 v2.10 `tabularx' package (DPC)

("C:\Users\1896491\AppData\Local\Programs\MiKTeX 2.9\tex\latex\tools\array.sty"
Package: array 2014/10/28 v2.4c Tabular extension package (FMi)
\col@sep=\dimen119
\extrarowheight=\dimen120
\NC@list=\toks26
\extratabsurround=\skip49
\backup@length=\skip50
)
\TX@col@width=\dimen121
\TX@old@table=\dimen122
\TX@old@col=\dimen123
\TX@target=\dimen124
\TX@delta=\dimen125
\TX@cols=\count104
\TX@ftn=\toks27
)
("C:\Users\1896491\AppData\Local\Programs\MiKTeX 2.9\tex\latex\tools\afterpage.
sty"
Package: afterpage 2014/10/28 v1.08 After-Page Package (DPC)
\AP@output=\toks28
\AP@partial=\box30
\AP@footins=\box31
) ("C:\Users\1896491\AppData\Local\Programs\MiKTeX 2.9\tex\latex\url\url.sty"
\Urlmuskip=\muskip11
Package: url 2013/09/16  ver 3.4  Verb mode for urls, etc.
) (noitemsep.sty) (harvard.sty
Package: harvard 

("C:\Users\1896491\AppData\Local\Programs\MiKTeX 2.9\tex\latex\latex2html\html.
sty"
("C:\Users\1896491\AppData\Local\Programs\MiKTeX 2.9\tex\latex\hyperref\hyperre
f.sty"
Package: hyperref 2012/11/06 v6.83m Hypertext links for LaTeX

("C:\Users\1896491\AppData\Local\Programs\MiKTeX 2.9\tex\generic\oberdiek\hobsu
b-hyperref.sty"
Package: hobsub-hyperref 2012/04/25 v1.12 Bundle oberdiek, subset hyperref (HO)


("C:\Users\1896491\AppData\Local\Programs\MiKTeX 2.9\tex\generic\oberdiek\hobsu
b-generic.sty"
Package: hobsub-generic 2012/04/25 v1.12 Bundle oberdiek, subset generic (HO)
Package: hobsub 2012/04/25 v1.12 Construct package bundles (HO)
Package hobsub Info: Skipping package `infwarerr' (already loaded).
Package hobsub Info: Skipping package `ltxcmds' (already loaded).
Package hobsub Info: Skipping package `ifluatex' (already loaded).
Package: ifvtex 2010/03/01 v1.5 Detect VTeX and its facilities (HO)
Package ifvtex Info: VTeX not detected.
Package: intcalc 2007/09/27 v1.1 Expandable calculations with integers (HO)
Package hobsub Info: Skipping package `ifpdf' (already loaded).
Package hobsub Info: Skipping package `etexcmds' (already loaded).
Package hobsub Info: Skipping package `kvsetkeys' (already loaded).
Package hobsub Info: Skipping package `kvdefinekeys' (already loaded).
Package hobsub Info: Skipping package `pdftexcmds' (already loaded).
Package: pdfescape 2011/11/25 v1.13 Implements pdfTeX's escape features (HO)
Package: bigintcalc 2012/04/08 v1.3 Expandable calculations on big integers (HO
)
Package: bitset 2011/01/30 v1.1 Handle bit-vector datatype (HO)
Package: uniquecounter 2011/01/30 v1.2 Provide unlimited unique counter (HO)
)
Package hobsub Info: Skipping package `hobsub' (already loaded).
Package: letltxmacro 2010/09/02 v1.4 Let assignment for LaTeX macros (HO)
Package: hopatch 2011/06/24 v1.1 Wrapper for package hooks (HO)
Package: xcolor-patch 2011/01/30 xcolor patch
Package: atveryend 2011/06/30 v1.8 Hooks at the very end of document (HO)
Package atveryend Info: \AP@enddocument detected (standard20110627).
Package: atbegshi 2011/10/05 v1.16 At begin shipout hook (HO)
Package: refcount 2011/10/16 v3.4 Data extraction from label references (HO)
Package: hycolor 2011/01/30 v1.7 Color options for hyperref/bookmark (HO)
)
("C:\Users\1896491\AppData\Local\Programs\MiKTeX 2.9\tex\generic\ifxetex\ifxete
x.sty"
Package: ifxetex 2010/09/12 v0.6 Provides ifxetex conditional
)
("C:\Users\1896491\AppData\Local\Programs\MiKTeX 2.9\tex\latex\oberdiek\auxhook
.sty"
Package: auxhook 2011/03/04 v1.3 Hooks for auxiliary files (HO)
)
\@linkdim=\dimen126
\Hy@linkcounter=\count105
\Hy@pagecounter=\count106

("C:\Users\1896491\AppData\Local\Programs\MiKTeX 2.9\tex\latex\hyperref\pd1enc.
def"
File: pd1enc.def 2012/11/06 v6.83m Hyperref: PDFDocEncoding definition (HO)
)
\Hy@SavedSpaceFactor=\count107

("C:\Users\1896491\AppData\Local\Programs\MiKTeX 2.9\tex\latex\00miktex\hyperre
f.cfg"
File: hyperref.cfg 2002/06/06 v1.2 hyperref configuration of TeXLive
)
Package hyperref Info: Hyper figures OFF on input line 4443.
Package hyperref Info: Link nesting OFF on input line 4448.
Package hyperref Info: Hyper index ON on input line 4451.
Package hyperref Info: Plain pages OFF on input line 4458.
Package hyperref Info: Backreferencing OFF on input line 4463.
Package hyperref Info: Implicit mode ON; LaTeX internals redefined.
Package hyperref Info: Bookmarks ON on input line 4688.
\c@Hy@tempcnt=\count108
LaTeX Info: Redefining \url on input line 5041.
\XeTeXLinkMargin=\dimen127
\Fld@menulength=\count109
\Field@Width=\dimen128
\Fld@charsize=\dimen129
Package hyperref Info: Hyper figures OFF on input line 6295.
Package hyperref Info: Link nesting OFF on input line 6300.
Package hyperref Info: Hyper index ON on input line 6303.
Package hyperref Info: backreferencing OFF on input line 6310.
Package hyperref Info: Link coloring OFF on input line 6315.
Package hyperref Info: Link coloring with OCG OFF on input line 6320.
Package hyperref Info: PDF/A mode OFF on input line 6325.
LaTeX Info: Redefining \ref on input line 6365.
LaTeX Info: Redefining \pageref on input line 6369.
\Hy@abspage=\count110
\c@Item=\count111
\c@Hfootnote=\count112
)

Package hyperref Message: Driver (autodetected): hpdftex.


("C:\Users\1896491\AppData\Local\Programs\MiKTeX 2.9\tex\latex\hyperref\hpdftex
.def"
File: hpdftex.def 2012/11/06 v6.83m Hyperref driver for pdfTeX
\Fld@listcount=\count113
\c@bookmark@seq@number=\count114

("C:\Users\1896491\AppData\Local\Programs\MiKTeX 2.9\tex\latex\oberdiek\rerunfi
lecheck.sty"
Package: rerunfilecheck 2011/04/15 v1.7 Rerun checks for auxiliary files (HO)
Package uniquecounter Info: New unique counter `rerunfilecheck' on input line 2
82.
)
\Hy@SectionHShift=\skip51
)
Package: html 1999/07/19 v1.38 hypertext commands for latex2html (nd, hws, rrm)

\c@lpart=\count115
\c@lchapter=\count116
\c@lsection=\count117
\c@lsubsection=\count118
\c@lsubsubsection=\count119
\c@lparagraph=\count120
\c@lsubparagraph=\count121
\c@lsubsubparagraph=\count122
\ptrfile=\write3
))
("C:\Users\1896491\AppData\Local\Programs\MiKTeX 2.9\tex\latex\graphics\color.s
ty"
Package: color 2014/10/28 v1.1a Standard LaTeX Color (DPC)

("C:\Users\1896491\AppData\Local\Programs\MiKTeX 2.9\tex\latex\00miktex\color.c
fg"
File: color.cfg 2007/01/18 v1.5 color configuration of teTeX/TeXLive
)
Package color Info: Driver file: pdftex.def on input line 142.
)
("C:\Users\1896491\AppData\Local\Programs\MiKTeX 2.9\tex\latex\multirow\multiro
w.sty"
\bigstrutjot=\dimen130
) (capitulos.sty
Package: capitulos 1997/10/06 Chapter headers a la Bjarne Stroustrup
) (comandos.tex

Package array Warning: Column C is already defined on input line 38.

)
\@glossaryfile=\write4
\openout4 = `principal.glo'.


Writing glossary file principal.glo 
(principal.aux (rosto.aux) (resumos.aux) (introducao/introducao.aux)
(plungerlift/plungerlift.aux) (simulador/simulador.aux)
(validacao/validacao.aux) (resultado/resultado.aux) (conclusao/conclusao.aux))
\openout1 = `principal.aux'.

LaTeX Font Info:    Checking defaults for OML/cmm/m/it on input line 180.
LaTeX Font Info:    ... okay on input line 180.
LaTeX Font Info:    Checking defaults for T1/cmr/m/n on input line 180.
LaTeX Font Info:    ... okay on input line 180.
LaTeX Font Info:    Checking defaults for OT1/cmr/m/n on input line 180.
LaTeX Font Info:    ... okay on input line 180.
LaTeX Font Info:    Checking defaults for OMS/pzccm/m/n on input line 180.
LaTeX Font Info:    Try loading font information for OMS+pzccm on input line 18
0.

("C:\Users\1896491\AppData\Local\Programs\MiKTeX 2.9\tex\latex\psnfss\omspzccm.
fd"
File: omspzccm.fd 2000/01/03 Fontinst v1.801 font definitions for OMS/pzccm.
)
LaTeX Font Info:    ... okay on input line 180.
LaTeX Font Info:    Checking defaults for OMX/cmex/m/n on input line 180.
LaTeX Font Info:    ... okay on input line 180.
LaTeX Font Info:    Checking defaults for U/cmr/m/n on input line 180.
LaTeX Font Info:    ... okay on input line 180.
LaTeX Font Info:    Checking defaults for PD1/pdf/m/n on input line 180.
LaTeX Font Info:    ... okay on input line 180.

("C:\Users\1896491\AppData\Local\Programs\MiKTeX 2.9\tex\context\base\supp-pdf.
mkii"
[Loading MPS to PDF converter (version 2006.09.02).]
\scratchcounter=\count123
\scratchdimen=\dimen131
\scratchbox=\box32
\nofMPsegments=\count124
\nofMParguments=\count125
\everyMPshowfont=\toks29
\MPscratchCnt=\count126
\MPscratchDim=\dimen132
\MPnumerator=\count127
\makeMPintoPDFobject=\count128
\everyMPtoPDFconversion=\toks30
)
\AtBeginShipoutBox=\box33
Package hyperref Info: Link coloring OFF on input line 180.

("C:\Users\1896491\AppData\Local\Programs\MiKTeX 2.9\tex\latex\hyperref\nameref
.sty"
Package: nameref 2012/10/27 v2.43 Cross-referencing by name of section

("C:\Users\1896491\AppData\Local\Programs\MiKTeX 2.9\tex\generic\oberdiek\getti
tlestring.sty"
Package: gettitlestring 2010/12/03 v1.4 Cleanup title references (HO)
)
\c@section@level=\count129
)
LaTeX Info: Redefining \ref on input line 180.
LaTeX Info: Redefining \pageref on input line 180.
LaTeX Info: Redefining \nameref on input line 180.
 (principal.out) (principal.out)
\@outlinefile=\write5
\openout5 = `principal.out'.

Package hyperref Info: *** compatibility with harvard ****  on input line 180.
\openout2 = `rosto.aux'.

 (rosto.tex
("C:\Users\1896491\AppData\Local\Programs\MiKTeX 2.9\tex\latex\psnfss\ot1ptmcm.
fd")
("C:\Users\1896491\AppData\Local\Programs\MiKTeX 2.9\tex\latex\psnfss\omlptmcm.
fd")
("C:\Users\1896491\AppData\Local\Programs\MiKTeX 2.9\tex\latex\psnfss\omxpsycm.
fd") <UFRN.pdf, id=114, 319.1925pt x 131.49126pt> <use UFRN.pdf>
<PPgEE.pdf, id=115, 256.96pt x 171.64125pt> <use PPgEE.pdf> <use UFRN.pdf>
<use PPgEE.pdf>
File: UFRN.pdf Graphic file (type pdf)
 <use UFRN.pdf>
Package pdftex.def Info: UFRN.pdf used on input line 27.
(pdftex.def)             Requested size: 85.35826pt x 35.16202pt.
File: PPgEE.pdf Graphic file (type pdf)
 <use PPgEE.pdf>
Package pdftex.def Info: PPgEE.pdf used on input line 27.
(pdftex.def)             Requested size: 56.9055pt x 38.01pt.
LaTeX Font Info:    Font shape `T1/ptm/bx/n' in size <20.74> not available
(Font)              Font shape `T1/ptm/b/n' tried instead on input line 36.
LaTeX Font Info:    Font shape `T1/ptm/bx/n' in size <17.28> not available
(Font)              Font shape `T1/ptm/b/n' tried instead on input line 42.
LaTeX Font Info:    Font shape `T1/ptm/bx/n' in size <12> not available
(Font)              Font shape `T1/ptm/b/n' tried instead on input line 65.
LaTeX Font Info:    Font shape `OT1/ptm/bx/n' in size <12> not available
(Font)              Font shape `OT1/ptm/b/n' tried instead on input line 65.
LaTeX Font Info:    Font shape `OT1/ptm/bx/n' in size <9> not available
(Font)              Font shape `OT1/ptm/b/n' tried instead on input line 65.
LaTeX Font Info:    Font shape `OT1/ptm/bx/n' in size <7> not available
(Font)              Font shape `OT1/ptm/b/n' tried instead on input line 65.
Package babel Info: Redefining portuges shorthand "|
(babel)             in language  on input line 83.
Package babel Info: Redefining portuges shorthand "|
(babel)             in language  on input line 83.
 [1



{C:/Users/1896491/AppData/Local/MiKTeX/2.9/pdftex/config/pdftex.map} <./UFRN.pd
f> <./PPgEE.pdf>])
\openout2 = `resumos.aux'.


(resumos.tex
Package babel Info: Redefining portuges shorthand "|
(babel)             in language  on input line 13.
Package babel Info: Redefining portuges shorthand "|
(babel)             in language  on input line 13.
 [2



]
LaTeX Font Info:    Font shape `T1/ptm/bx/n' in size <24.88> not available
(Font)              Font shape `T1/ptm/b/n' tried instead on input line 13.
Package babel Info: Redefining portuges shorthand "|
(babel)             in language  on input line 24.
Package babel Info: Redefining portuges shorthand "|
(babel)             in language  on input line 24.
 [3]
Package babel Info: Redefining portuges shorthand "|
(babel)             in language  on input line 24.
Package babel Info: Redefining portuges shorthand "|
(babel)             in language  on input line 24.
 [4

])
Package babel Info: Redefining portuges shorthand "|
(babel)             in language  on input line 213.
Package babel Info: Redefining portuges shorthand "|
(babel)             in language  on input line 213.
 [5]
Package babel Info: Redefining portuges shorthand "|
(babel)             in language  on input line 216.
Package babel Info: Redefining portuges shorthand "|
(babel)             in language  on input line 216.
 [6


]
Package babel Info: Redefining portuges shorthand "|
(babel)             in language  on input line 219.
 (principal.toc
LaTeX Font Info:    Font shape `T1/ptm/bx/it' in size <12> not available
(Font)              Font shape `T1/ptm/b/it' tried instead on input line 8.
Package babel Info: Redefining portuges shorthand "|
(babel)             in language  on input line 27.
Package babel Info: Redefining portuges shorthand "|
(babel)             in language  on input line 27.
 [1

])
\tf@toc=\write6
\openout6 = `principal.toc'.

Package babel Info: Redefining portuges shorthand "|
(babel)             in language  on input line 223.
Package babel Info: Redefining portuges shorthand "|
(babel)             in language  on input line 223.
 [2]
Package babel Info: Redefining portuges shorthand "|
(babel)             in language  on input line 224.
 (principal.lof)
\tf@lof=\write7
\openout7 = `principal.lof'.

Package babel Info: Redefining portuges shorthand "|
(babel)             in language  on input line 228.
Package babel Info: Redefining portuges shorthand "|
(babel)             in language  on input line 228.

[3


]
Package babel Info: Redefining portuges shorthand "|
(babel)             in language  on input line 228.
Package babel Info: Redefining portuges shorthand "|
(babel)             in language  on input line 228.
 [4

]
Package babel Info: Redefining portuges shorthand "|
(babel)             in language  on input line 229.
 (principal.lot)
\tf@lot=\write8
\openout8 = `principal.lot'.

Package babel Info: Redefining portuges shorthand "|
(babel)             in language  on input line 234.
Package babel Info: Redefining portuges shorthand "|
(babel)             in language  on input line 234.
 [5

]
Package babel Info: Redefining portuges shorthand "|
(babel)             in language  on input line 234.
Package babel Info: Redefining portuges shorthand "|
(babel)             in language  on input line 234.
 [6

]
No file principal.nls.
\openout2 = `introducao/introducao.aux'.

(introducao/introducao.tex
Cap\'{\i }tulo 1.
Package babel Info: Redefining portuges shorthand "|
(babel)             in language  on input line 4.
<introducao/introducao.png, id=294, 341.77687pt x 549.55313pt>
File: introducao/introducao.png Graphic file (type png)

<use introducao/introducao.png>
Package pdftex.def Info: introducao/introducao.png used on input line 14.
(pdftex.def)             Requested size: 128.0387pt x 205.88066pt.
Package babel Info: Redefining portuges shorthand "|
(babel)             in language  on input line 20.
Package babel Info: Redefining portuges shorthand "|
(babel)             in language  on input line 20.
pdfTeX warning (ext4): destination with the same identifier (name{page.1}) has 
been already used, duplicate ignored
<to be read again> 
                   \relax 
l.20 
      [1



]
Package babel Info: Redefining portuges shorthand "|
(babel)             in language  on input line 22.
Package babel Info: Redefining portuges shorthand "|
(babel)             in language  on input line 29.
Package babel Info: Redefining portuges shorthand "|
(babel)             in language  on input line 29.
pdfTeX warning (ext4): destination with the same identifier (name{page.2}) has 
been already used, duplicate ignored
<to be read again> 
                   \relax 
l.29 \section{
              Motivação} [2 <./introducao/introducao.png>]
Package babel Info: Redefining portuges shorthand "|
(babel)             in language  on input line 29.
)
Package babel Info: Redefining portuges shorthand "|
(babel)             in language  on input line 254.
Package babel Info: Redefining portuges shorthand "|
(babel)             in language  on input line 254.
pdfTeX warning (ext4): destination with the same identifier (name{page.3}) has 
been already used, duplicate ignored
<to be read again> 
                   \relax 
l.254 \include{introducao/introducao}
                                      [3]
\openout2 = `plungerlift/plungerlift.aux'.

 (plungerlift/plungerlift.tex
Package babel Info: Redefining portuges shorthand "|
(babel)             in language  on input line 4.
Package babel Info: Redefining portuges shorthand "|
(babel)             in language  on input line 4.
pdfTeX warning (ext4): destination with the same identifier (name{page.4}) has 
been already used, duplicate ignored
<to be read again> 
                   \relax 
l.4 ... elevação artificial \textit{Plunger Lift}}
                                                   [4



]
Cap\'{\i }tulo 2.
Package babel Info: Redefining portuges shorthand "|
(babel)             in language  on input line 4.
LaTeX Font Info:    Font shape `T1/ptm/bx/it' in size <24.88> not available
(Font)              Font shape `T1/ptm/b/it' tried instead on input line 4.
Package babel Info: Redefining portuges shorthand "|
(babel)             in language  on input line 7.
<plungerlift/Etapasdofluxo.png, id=312, 145.29282pt x 160.34906pt>
File: plungerlift/Etapasdofluxo.png Graphic file (type png)

<use plungerlift/Etapasdofluxo.png>
Package pdftex.def Info: plungerlift/Etapasdofluxo.png used on input line 18.
(pdftex.def)             Requested size: 213.39566pt x 235.52678pt.
Package babel Info: Redefining portuges shorthand "|
(babel)             in language  on input line 22.
Package babel Info: Redefining portuges shorthand "|
(babel)             in language  on input line 22.
pdfTeX warning (ext4): destination with the same identifier (name{page.5}) has 
been already used, duplicate ignored
<to be read again> 
                   \relax 
l.22 \end{figure}
                  [5]
Package babel Info: Redefining portuges shorthand "|
(babel)             in language  on input line 39.
Package babel Info: Redefining portuges shorthand "|
(babel)             in language  on input line 39.
pdfTeX warning (ext4): destination with the same identifier (name{page.6}) has 
been already used, duplicate ignored
<to be read again> 
                   \relax 
l.39 
      [6 <./plungerlift/Etapasdofluxo.png>]
<plungerlift/CurvadeIPR.png, id=327, 185.94469pt x 170.13562pt>
File: plungerlift/CurvadeIPR.png Graphic file (type png)

<use plungerlift/CurvadeIPR.png>
Package pdftex.def Info: plungerlift/CurvadeIPR.png used on input line 43.
(pdftex.def)             Requested size: 213.39566pt x 195.25723pt.
Package babel Info: Redefining portuges shorthand "|
(babel)             in language  on input line 56.
Package babel Info: Redefining portuges shorthand "|
(babel)             in language  on input line 56.
 [7 <./plungerlift/CurvadeIPR.png>]
LaTeX Font Info:    Font shape `T1/ptm/bx/it' in size <17.28> not available
(Font)              Font shape `T1/ptm/b/it' tried instead on input line 60.
Package babel Info: Redefining portuges shorthand "|
(babel)             in language  on input line 60.
Package babel Info: Redefining portuges shorthand "|
(babel)             in language  on input line 65.
Package babel Info: Redefining portuges shorthand "|
(babel)             in language  on input line 65.
 [8]
Package babel Info: Redefining portuges shorthand "|
(babel)             in language  on input line 66.
LaTeX Font Info:    Font shape `OMS/ptm/m/n' in size <12> not available
(Font)              Font shape `OMS/pzccm/m/n' tried instead on input line 71.

<plungerlift/Equipamentos.png, id=338, 351.3125pt x 406.51875pt>
File: plungerlift/Equipamentos.png Graphic file (type png)

<use plungerlift/Equipamentos.png>
Package pdftex.def Info: plungerlift/Equipamentos.png used on input line 85.
(pdftex.def)             Requested size: 426.79134pt x 493.89896pt.

Overfull \hbox (6.79999pt too wide) in paragraph at lines 85--86
 [] 
 []

Package babel Info: Redefining portuges shorthand "|
(babel)             in language  on input line 91.
Package babel Info: Redefining portuges shorthand "|
(babel)             in language  on input line 95.
Package babel Info: Redefining portuges shorthand "|
(babel)             in language  on input line 95.
[9]
Package babel Info: Redefining portuges shorthand "|
(babel)             in language  on input line 95.
Package babel Info: Redefining portuges shorthand "|
(babel)             in language  on input line 95.
 [10 <./plungerlift/Equipamentos.png>]
Package babel Info: Redefining portuges shorthand "|
(babel)             in language  on input line 104.
Package babel Info: Redefining portuges shorthand "|
(babel)             in language  on input line 104.
 [11]
<plungerlift/CiclosPlungerLift.png, id=353, 883.80188pt x 362.10281pt>
File: plungerlift/CiclosPlungerLift.png Graphic file (type png)

<use plungerlift/CiclosPlungerLift.png>
Package pdftex.def Info: plungerlift/CiclosPlungerLift.png used on input line 1
09.
(pdftex.def)             Requested size: 426.79134pt x 174.86269pt.

Overfull \hbox (6.79999pt too wide) in paragraph at lines 109--110
 [] 
 []

Package babel Info: Redefining portuges shorthand "|
(babel)             in language  on input line 115.
Package babel Info: Redefining portuges shorthand "|
(babel)             in language  on input line 120.

Underfull \vbox (badness 2189) has occurred while \output is active []

Package babel Info: Redefining portuges shorthand "|
(babel)             in language  on input line 123.
Package babel Info: Redefining portuges shorthand "|
(babel)             in language  on input line 123.
 [12 <./plungerlift/CiclosPlungerLift.png>]
LaTeX Font Info:    Font shape `T1/ptm/bx/n' in size <14.4> not available
(Font)              Font shape `T1/ptm/b/n' tried instead on input line 125.
Package babel Info: Redefining portuges shorthand "|
(babel)             in language  on input line 125.
Package babel Info: Redefining portuges shorthand "|
(babel)             in language  on input line 130.
Package babel Info: Redefining portuges shorthand "|
(babel)             in language  on input line 130.
 [13]
Package babel Info: Redefining portuges shorthand "|
(babel)             in language  on input line 132.
Package babel Info: Redefining portuges shorthand "|
(babel)             in language  on input line 137.
Package babel Info: Redefining portuges shorthand "|
(babel)             in language  on input line 142.
Package babel Info: Redefining portuges shorthand "|
(babel)             in language  on input line 142.
 [14]
LaTeX Font Info:    Font shape `T1/ptm/bx/it' in size <14.4> not available
(Font)              Font shape `T1/ptm/b/it' tried instead on input line 147.
Package babel Info: Redefining portuges shorthand "|
(babel)             in language  on input line 147.
)
Package babel Info: Redefining portuges shorthand "|
(babel)             in language  on input line 257.
Package babel Info: Redefining portuges shorthand "|
(babel)             in language  on input line 257.
 [15]
\openout2 = `simulador/simulador.aux'.

 (simulador/simulador.tex
Package babel Info: Redefining portuges shorthand "|
(babel)             in language  on input line 4.
Package babel Info: Redefining portuges shorthand "|
(babel)             in language  on input line 4.

[16



]
Cap\'{\i }tulo 3.
Package babel Info: Redefining portuges shorthand "|
(babel)             in language  on input line 4.
Package babel Info: Redefining portuges shorthand "|
(babel)             in language  on input line 9.
Package babel Info: Redefining portuges shorthand "|
(babel)             in language  on input line 12.
Package babel Info: Redefining portuges shorthand "|
(babel)             in language  on input line 12.
[17] <simulador/IDE_Eclipse.png, id=386, 1445.4pt x 781.41937pt>
File: simulador/IDE_Eclipse.png Graphic file (type png)

<use simulador/IDE_Eclipse.png>
Package pdftex.def Info: simulador/IDE_Eclipse.png used on input line 17.
(pdftex.def)             Requested size: 426.79134pt x 230.73134pt.

Overfull \hbox (6.79999pt too wide) in paragraph at lines 17--18
 [] 
 []

Package babel Info: Redefining portuges shorthand "|
(babel)             in language  on input line 24.
Package babel Info: Redefining portuges shorthand "|
(babel)             in language  on input line 24.
[18 <./simulador/IDE_Eclipse.png>]
Package babel Info: Redefining portuges shorthand "|
(babel)             in language  on input line 24.
Package babel Info: Redefining portuges shorthand "|
(babel)             in language  on input line 33.
Package babel Info: Redefining portuges shorthand "|
(babel)             in language  on input line 33.
 [19]
Package babel Info: Redefining portuges shorthand "|
(babel)             in language  on input line 33.

<simulador/variaveisgrafico.png, id=399, 1288.815pt x 37.64063pt>
File: simulador/variaveisgrafico.png Graphic file (type png)

<use simulador/variaveisgrafico.png>
Package pdftex.def Info: simulador/variaveisgrafico.png used on input line 39.
(pdftex.def)             Requested size: 426.79134pt x 12.46451pt.

Overfull \hbox (6.79999pt too wide) in paragraph at lines 39--40
 [] 
 []

<simulador/grafico.png, id=400, 1297.84875pt x 681.29532pt>
File: simulador/grafico.png Graphic file (type png)

<use simulador/grafico.png>
Package pdftex.def Info: simulador/grafico.png used on input line 47.
(pdftex.def)             Requested size: 645.87747pt x 339.05627pt.

Overfull \hbox (6.79999pt too wide) in paragraph at lines 47--48
 [] 
 []

<simulador/condicoesiniciais.png, id=401, 1011.02719pt x 336.50719pt>
File: simulador/condicoesiniciais.png Graphic file (type png)

<use simulador/condicoesiniciais.png>
Package pdftex.def Info: simulador/condicoesiniciais.png used on input line 55.

(pdftex.def)             Requested size: 426.79134pt x 142.0509pt.

Overfull \hbox (6.79999pt too wide) in paragraph at lines 55--56
 [] 
 []

Package babel Info: Redefining portuges shorthand "|
(babel)             in language  on input line 64.

Underfull \vbox (badness 1231) has occurred while \output is active []

Package babel Info: Redefining portuges shorthand "|
(babel)             in language  on input line 67.
Package babel Info: Redefining portuges shorthand "|
(babel)             in language  on input line 67.
 [20 <./simulador/variaveisgrafico.png>]
Package babel Info: Redefining portuges shorthand "|
(babel)             in language  on input line 67.
Package babel Info: Redefining portuges shorthand "|
(babel)             in language  on input line 67.
 [21 <./simulador/grafico.png>]
<simulador/strategy.png, id=411, 722.7pt x 215.30438pt>
File: simulador/strategy.png Graphic file (type png)

<use simulador/strategy.png>
Package pdftex.def Info: simulador/strategy.png used on input line 72.
(pdftex.def)             Requested size: 426.79134pt x 127.15002pt.

Overfull \hbox (6.79999pt too wide) in paragraph at lines 72--73
 [] 
 []

)
Package babel Info: Redefining portuges shorthand "|
(babel)             in language  on input line 260.
Package babel Info: Redefining portuges shorthand "|
(babel)             in language  on input line 260.
 [22 <./simulador/condicoesiniciais.png>]
Package babel Info: Redefining portuges shorthand "|
(babel)             in language  on input line 260.
Package babel Info: Redefining portuges shorthand "|
(babel)             in language  on input line 260.
 [23 <./simulador/strategy.png>]
\openout2 = `validacao/validacao.aux'.


(validacao/validacao.tex
Package babel Info: Redefining portuges shorthand "|
(babel)             in language  on input line 4.
Package babel Info: Redefining portuges shorthand "|
(babel)             in language  on input line 4.
 [24



]
Cap\'{\i }tulo 4.
Package babel Info: Redefining portuges shorthand "|
(babel)             in language  on input line 4.

LaTeX Warning: No positions in optional float specifier.
               Default added (so using `tbp') on input line 10.


LaTeX Warning: No positions in optional float specifier.
               Default added (so using `tbp') on input line 37.


LaTeX Warning: Command \' invalid in math mode on input line 47.

Missing character: There is no é in font zptmcmr!
<validacao/BarruziTest.png, id=432, 1068.99374pt x 535.2497pt>
File: validacao/BarruziTest.png Graphic file (type png)

<use validacao/BarruziTest.png>
Package pdftex.def Info: validacao/BarruziTest.png used on input line 59.
(pdftex.def)             Requested size: 645.87747pt x 323.40645pt.

Overfull \hbox (6.79999pt too wide) in paragraph at lines 59--60
 [] 
 []

<validacao/BarruziTest2.png, id=433, 1084.05pt x 447.92343pt>
File: validacao/BarruziTest2.png Graphic file (type png)

<use validacao/BarruziTest2.png>
Package pdftex.def Info: validacao/BarruziTest2.png used on input line 67.
(pdftex.def)             Requested size: 426.79134pt x 176.35028pt.

Overfull \hbox (6.79999pt too wide) in paragraph at lines 67--68
 [] 
 []

Package babel Info: Redefining portuges shorthand "|
(babel)             in language  on input line 74.
Package babel Info: Redefining portuges shorthand "|
(babel)             in language  on input line 74.
[25]
Package babel Info: Redefining portuges shorthand "|
(babel)             in language  on input line 74.
Package babel Info: Redefining portuges shorthand "|
(babel)             in language  on input line 74.
 [26]
Package babel Info: Redefining portuges shorthand "|
(babel)             in language  on input line 74.
Package babel Info: Redefining portuges shorthand "|
(babel)             in language  on input line 74.
 [27 <./validacao/BarruziTest.png>])
Package babel Info: Redefining portuges shorthand "|
(babel)             in language  on input line 263.
Package babel Info: Redefining portuges shorthand "|
(babel)             in language  on input line 263.
 [28 <./validacao/BarruziTest2.png>]
\openout2 = `resultado/resultado.aux'.

 (resultado/resultado.tex
Cap\'{\i }tulo 5.
Package babel Info: Redefining portuges shorthand "|
(babel)             in language  on input line 5.
<resultado/simulacaoteste.png, id=455, 1300.86pt x 731.73375pt>
File: resultado/simulacaoteste.png Graphic file (type png)

<use resultado/simulacaoteste.png>
Package pdftex.def Info: resultado/simulacaoteste.png used on input line 13.
(pdftex.def)             Requested size: 645.87747pt x 363.30911pt.

Overfull \hbox (6.79999pt too wide) in paragraph at lines 13--14
 [] 
 []


LaTeX Warning: No positions in optional float specifier.
               Default added (so using `tbp') on input line 20.

LaTeX Font Info:    Font shape `T1/ptm/bx/n' in size <9> not available
(Font)              Font shape `T1/ptm/b/n' tried instead on input line 28.
<resultado/simulacaoposfluxo.png, id=461, 1264.725pt x 642.90187pt>
File: resultado/simulacaoposfluxo.png Graphic file (type png)

<use resultado/simulacaoposfluxo.png>
Package pdftex.def Info: resultado/simulacaoposfluxo.png used on input line 44.

(pdftex.def)             Requested size: 645.87747pt x 328.32687pt.

Overfull \hbox (6.79999pt too wide) in paragraph at lines 44--45
 [] 
 []

Package babel Info: Redefining portuges shorthand "|
(babel)             in language  on input line 49.
Package babel Info: Redefining portuges shorthand "|
(babel)             in language  on input line 49.
[29



]
Package babel Info: Redefining portuges shorthand "|
(babel)             in language  on input line 49.
Package babel Info: Redefining portuges shorthand "|
(babel)             in language  on input line 49.
 [30 <./resultado/simulacaoteste.png>]

LaTeX Warning: No positions in optional float specifier.
               Default added (so using `tbp') on input line 50.

<resultado/simulacaobuildup.png, id=473, 1271.5003pt x 645.16031pt>
File: resultado/simulacaobuildup.png Graphic file (type png)

<use resultado/simulacaobuildup.png>
Package pdftex.def Info: resultado/simulacaobuildup.png used on input line 74.
(pdftex.def)             Requested size: 645.87747pt x 327.72795pt.

Overfull \hbox (6.79999pt too wide) in paragraph at lines 74--75
 [] 
 []

Package babel Info: Redefining portuges shorthand "|
(babel)             in language  on input line 79.
Package babel Info: Redefining portuges shorthand "|
(babel)             in language  on input line 79.
[31]
Package babel Info: Redefining portuges shorthand "|
(babel)             in language  on input line 79.
Package babel Info: Redefining portuges shorthand "|
(babel)             in language  on input line 79.
 [32 <./resultado/simulacaoposfluxo.png>]

LaTeX Warning: No positions in optional float specifier.
               Default added (so using `tbp') on input line 80.

<resultado/simulacaoposbuildup.png, id=488, 1271.5003pt x 642.14906pt>
File: resultado/simulacaoposbuildup.png Graphic file (type png)

<use resultado/simulacaoposbuildup.png>
Package pdftex.def Info: resultado/simulacaoposbuildup.png used on input line 1
04.
(pdftex.def)             Requested size: 645.87747pt x 326.1983pt.

Overfull \hbox (6.79999pt too wide) in paragraph at lines 104--105
 [] 
 []


LaTeX Warning: No positions in optional float specifier.
               Default added (so using `tbp') on input line 110.


Underfull \vbox (badness 10000) has occurred while \output is active []

Package babel Info: Redefining portuges shorthand "|
(babel)             in language  on input line 132.
Package babel Info: Redefining portuges shorthand "|
(babel)             in language  on input line 132.
 [33]
Package babel Info: Redefining portuges shorthand "|
(babel)             in language  on input line 132.
Package babel Info: Redefining portuges shorthand "|
(babel)             in language  on input line 132.

[34 <./resultado/simulacaobuildup.png>]
Package babel Info: Redefining portuges shorthand "|
(babel)             in language  on input line 132.
Package babel Info: Redefining portuges shorthand "|
(babel)             in language  on input line 132.
 [35 <./resultado/simulacaoposbuildup.png>]
Package babel Info: Redefining portuges shorthand "|
(babel)             in language  on input line 133.
Package babel Info: Redefining portuges shorthand "|
(babel)             in language  on input line 141.
Package babel Info: Redefining portuges shorthand "|
(babel)             in language  on input line 141.
 [36]
<resultado/NeedForControllerConfiguration.png, id=509, 749.04843pt x 447.92343p
t>
File: resultado/NeedForControllerConfiguration.png Graphic file (type png)
 <use resultado/NeedForControllerConfiguration.png>
Package pdftex.def Info: resultado/NeedForControllerConfiguration.png used on i
nput line 144.
(pdftex.def)             Requested size: 426.79134pt x 255.21648pt.

Overfull \hbox (6.79999pt too wide) in paragraph at lines 144--145
 [] 
 []


<resultado/NeedForControllerSimulation.png, id=510, 1355.0625pt x 579.16376pt>
File: resultado/NeedForControllerSimulation.png Graphic file (type png)

<use resultado/NeedForControllerSimulation.png>
Package pdftex.def Info: resultado/NeedForControllerSimulation.png used on inpu
t line 152.
(pdftex.def)             Requested size: 645.87747pt x 276.06007pt.

Overfull \hbox (6.79999pt too wide) in paragraph at lines 152--153
 [] 
 []


LaTeX Warning: No positions in optional float specifier.
               Default added (so using `tbp') on input line 160.

<resultado/ControleTemporizacao.png, id=517, 953.06062pt x 485.56406pt>
File: resultado/ControleTemporizacao.png Graphic file (type png)

<use resultado/ControleTemporizacao.png>
Package pdftex.def Info: resultado/ControleTemporizacao.png used on input line 
179.
(pdftex.def)             Requested size: 645.87747pt x 329.07523pt.

Overfull \hbox (6.79999pt too wide) in paragraph at lines 179--180
 [] 
 []

<resultado/ControlePressaoRevestimento.png, id=518, 1414.53468pt x 662.475pt>
File: resultado/ControlePressaoRevestimento.png Graphic file (type png)

<use resultado/ControlePressaoRevestimento.png>
Package pdftex.def Info: resultado/ControlePressaoRevestimento.png used on inpu
t line 187.
(pdftex.def)             Requested size: 645.87747pt x 302.48799pt.

Overfull \hbox (6.79999pt too wide) in paragraph at lines 187--188
 [] 
 []

Package babel Info: Redefining portuges shorthand "|
(babel)             in language  on input line 195.
Package babel Info: Redefining portuges shorthand "|
(babel)             in language  on input line 195.
[37 <./resultado/NeedForControllerConfiguration.png>]
Package babel Info: Redefining portuges shorthand "|
(babel)             in language  on input line 195.
Package babel Info: Redefining portuges shorthand "|
(babel)             in language  on input line 195.
 [38 <./resultado/NeedForControllerSimulation.png>]
Package babel Info: Redefining portuges shorthand "|
(babel)             in language  on input line 195.
Package babel Info: Redefining portuges shorthand "|
(babel)             in language  on input line 195.
 [39 <./resultado/ControleTemporizacao.png>]
Package babel Info: Redefining portuges shorthand "|
(babel)             in language  on input line 195.
Package babel Info: Redefining portuges shorthand "|
(babel)             in language  on input line 195.
 [40 <./resultado/ControlePressaoRevestimento.png>]
Package babel Info: Redefining portuges shorthand "|
(babel)             in language  on input line 196.


LaTeX Warning: No positions in optional float specifier.
               Default added (so using `tbp') on input line 204.

<resultado/SimulacaoTemporizacao.png, id=546, 1430.34375pt x 663.22781pt>
File: resultado/SimulacaoTemporizacao.png Graphic file (type png)

<use resultado/SimulacaoTemporizacao.png>
Package pdftex.def Info: resultado/SimulacaoTemporizacao.png used on input line
 224.
(pdftex.def)             Requested size: 645.87747pt x 299.482pt.

Overfull \hbox (6.79999pt too wide) in paragraph at lines 224--225
 [] 
 []

<resultado/SimulacaoRevestimento.png, id=547, 1418.29875pt x 663.98062pt>
File: resultado/SimulacaoRevestimento.png Graphic file (type png)

<use resultado/SimulacaoRevestimento.png>
Package pdftex.def Info: resultado/SimulacaoRevestimento.png used on input line
 233.
(pdftex.def)             Requested size: 645.87747pt x 302.37506pt.

Overfull \hbox (6.79999pt too wide) in paragraph at lines 233--234
 [] 
 []


LaTeX Warning: No positions in optional float specifier.
               Default added (so using `tbp') on input line 240.


Overfull \hbox (64.62035pt too wide) in paragraph at lines 244--265
 [][] 
 []

Package babel Info: Redefining portuges shorthand "|
(babel)             in language  on input line 269.
Package babel Info: Redefining portuges shorthand "|
(babel)             in language  on input line 269.
[41]
Package babel Info: Redefining portuges shorthand "|
(babel)             in language  on input line 269.
Package babel Info: Redefining portuges shorthand "|
(babel)             in language  on input line 269.
 [42]
Package babel Info: Redefining portuges shorthand "|
(babel)             in language  on input line 269.
Package babel Info: Redefining portuges shorthand "|
(babel)             in language  on input line 269.
 [43 <./resultado/SimulacaoTemporizacao.png>]
Package babel Info: Redefining portuges shorthand "|
(babel)             in language  on input line 269.
Package babel Info: Redefining portuges shorthand "|
(babel)             in language  on input line 269.
 [44 <./resultado/SimulacaoRevestimento.png>])
Package babel Info: Redefining portuges shorthand "|
(babel)             in language  on input line 266.
Package babel Info: Redefining portuges shorthand "|
(babel)             in language  on input line 266.
 [45]
\openout2 = `conclusao/conclusao.aux'.

 (conclusao/conclusao.tex
Package babel Info: Redefining portuges shorthand "|
(babel)             in language  on input line 4.
Package babel Info: Redefining portuges shorthand "|
(babel)             in language  on input line 4.
 [46



]
Cap\'{\i }tulo 6.
Package babel Info: Redefining portuges shorthand "|
(babel)             in language  on input line 4.
)
Package babel Info: Redefining portuges shorthand "|
(babel)             in language  on input line 269.
Package babel Info: Redefining portuges shorthand "|
(babel)             in language  on input line 269.
 [47]
Package babel Info: Redefining portuges shorthand "|
(babel)             in language  on input line 272.
 (principal.bbl
Package babel Info: Redefining portuges shorthand "|
(babel)             in language  on input line 1.
Package babel Info: Redefining portuges shorthand "|
(babel)             in language  on input line 1.
 [48

]
Package babel Info: Redefining portuges shorthand "|
(babel)             in language  on input line 62.
Package babel Info: Redefining portuges shorthand "|
(babel)             in language  on input line 62.
 [49

]
Underfull \hbox (badness 10000) in paragraph at lines 85--85
[]$\T1/pcr/m/n/12 http : / / www . weatherford . com / products-[]services / pr
oduction /$
 []

)
Package atveryend Info: Empty hook `BeforeClearDocument' on input line 281.
Package babel Info: Redefining portuges shorthand "|
(babel)             in language  on input line 281.
Package babel Info: Redefining portuges shorthand "|
(babel)             in language  on input line 281.
 [50]
Package atveryend Info: Empty hook `AfterLastShipout' on input line 281.
 (principal.aux (rosto.aux) (resumos.aux) (introducao/introducao.aux)
(plungerlift/plungerlift.aux) (simulador/simulador.aux)
(validacao/validacao.aux) (resultado/resultado.aux) (conclusao/conclusao.aux))
Package atveryend Info: Executing hook `AtVeryEndDocument' on input line 281.
Package atveryend Info: Executing hook `AtEndAfterFileList' on input line 281.
Package rerunfilecheck Info: File `principal.out' has not changed.
(rerunfilecheck)             Checksum: F0933A749672E7B227312F5D196916BF;2030.


LaTeX Warning: Label(s) may have changed. Rerun to get cross-references right.

Package atveryend Info: Empty hook `AtVeryVeryEnd' on input line 281.
 ) 
Here is how much of TeX's memory you used:
 8072 strings out of 493634
 120680 string characters out of 3134424
 220894 words of memory out of 3000000
 11025 multiletter control sequences out of 15000+200000
 84176 words of font info for 103 fonts, out of 3000000 for 9000
 1025 hyphenation exceptions out of 8191
 44i,12n,34p,1327b,463s stack positions out of 5000i,500n,10000p,200000b,50000s
{C:/Users/1896491/AppData/Local/Programs/MiKTeX 2.9/fonts/enc/dvips/fontname/
8r.enc}<C:/Users/1896491/AppData/Local/Programs/MiKTeX 2.9/fonts/type1/public/a
msfonts/cm/cmmi10.pfb><C:/Users/1896491/AppData/Local/Programs/MiKTeX 2.9/fonts
/type1/public/amsfonts/cm/cmr10.pfb><C:/Users/1896491/AppData/Local/Programs/Mi
KTeX 2.9/fonts/type1/public/amsfonts/cm/cmsy10.pfb><C:/Users/1896491/AppData/Lo
cal/Programs/MiKTeX 2.9/fonts/type1/urw/courier/ucrr8a.pfb><C:/Users/1896491/Ap
pData/Local/Programs/MiKTeX 2.9/fonts/type1/urw/helvetic/uhvr8a.pfb><C:/Users/1
896491/AppData/Local/Programs/MiKTeX 2.9/fonts/type1/urw/times/utmb8a.pfb><C:/U
sers/1896491/AppData/Local/Programs/MiKTeX 2.9/fonts/type1/urw/times/utmbi8a.pf
b><C:/Users/1896491/AppData/Local/Programs/MiKTeX 2.9/fonts/type1/urw/times/utm
r8a.pfb><C:/Users/1896491/AppData/Local/Programs/MiKTeX 2.9/fonts/type1/urw/tim
es/utmr8a.pfb><C:/Users/1896491/AppData/Local/Programs/MiKTeX 2.9/fonts/type1/u
rw/times/utmri8a.pfb>
Output written on principal.pdf (62 pages, 2239923 bytes).
PDF statistics:
 682 PDF objects out of 1000 (max. 8388607)
 137 named destinations out of 1000 (max. 500000)
 345 words of extra memory for PDF output out of 10000 (max. 10000000)

