\BOOKMARK [0][-]{section*.4}{Sum\341rio}{}% 1
\BOOKMARK [0][-]{section*.6}{Lista de Figuras}{}% 2
\BOOKMARK [0][-]{section*.8}{Lista de Tabelas}{}% 3
\BOOKMARK [0][-]{section*.10}{Lista de S\355mbolos e Abreviaturas}{}% 4
\BOOKMARK [0][-]{chapter.1}{Introdu\347\343o}{}% 5
\BOOKMARK [1][-]{section.1.1}{Processando textos com LaTeX}{chapter.1}% 6
\BOOKMARK [0][-]{chapter.2}{Teoria}{}% 7
\BOOKMARK [1][-]{section.2.1}{Dimens\365es}{chapter.2}% 8
\BOOKMARK [1][-]{section.2.2}{Divis\365es do documento e refer\352ncias cruzadas}{chapter.2}% 9
\BOOKMARK [1][-]{section.2.3}{Se\347\365es}{chapter.2}% 10
\BOOKMARK [2][-]{subsection.2.3.1}{Subse\347\365es}{section.2.3}% 11
\BOOKMARK [1][-]{section.2.4}{\315ndices}{chapter.2}% 12
\BOOKMARK [2][-]{subsection.2.4.1}{Sum\341rio}{section.2.4}% 13
\BOOKMARK [2][-]{subsection.2.4.2}{Listas de figuras e tabelas}{section.2.4}% 14
\BOOKMARK [2][-]{subsection.2.4.3}{Lista de s\355mbolos \(gloss\341rio\)}{section.2.4}% 15
\BOOKMARK [1][-]{section.2.5}{Bibliografia}{chapter.2}% 16
\BOOKMARK [1][-]{section.2.6}{Considera\347\365es finais}{chapter.2}% 17
\BOOKMARK [0][-]{chapter.3}{Trabalhos relacionados}{}% 18
\BOOKMARK [1][-]{section.3.1}{Express\365es matem\341ticas}{chapter.3}% 19
\BOOKMARK [2][-]{subsection.3.1.1}{Equa\347\365es}{section.3.1}% 20
\BOOKMARK [2][-]{subsection.3.1.2}{Express\365es multilinhas}{section.3.1}% 21
\BOOKMARK [0][-]{chapter.4}{Problema}{}% 22
\BOOKMARK [1][-]{section.4.1}{Elementos flutuantes}{chapter.4}% 23
\BOOKMARK [2][-]{subsection.4.1.1}{Posicionamento dos elementos flutuantes}{section.4.1}% 24
\BOOKMARK [1][-]{section.4.2}{Tabelas em LaTeX}{chapter.4}% 25
\BOOKMARK [1][-]{section.4.3}{Figuras em LaTeX}{chapter.4}% 26
\BOOKMARK [2][-]{subsection.4.3.1}{Imagens e fotos}{section.4.3}% 27
\BOOKMARK [2][-]{subsection.4.3.2}{Figuras sint\351ticas}{section.4.3}% 28
\BOOKMARK [1][-]{section.4.4}{Ferramentas para desenhos e esquemas}{chapter.4}% 29
\BOOKMARK [1][-]{section.4.5}{Ferramentas para gr\341ficos}{chapter.4}% 30
\BOOKMARK [1][-]{section.4.6}{Conclus\365es}{chapter.4}% 31
\BOOKMARK [0][-]{chapter.5}{Implementa\347\343o}{}% 32
\BOOKMARK [1][-]{section.5.1}{Algoritmos}{chapter.5}% 33
\BOOKMARK [0][-]{chapter.6}{Experimentos e Resultados}{}% 34
\BOOKMARK [0][-]{chapter.7}{Conclus\343o}{}% 35
\BOOKMARK [1][-]{section.7.1}{Etapas de Homologa\347\343o do T\355tulo}{chapter.7}% 36
\BOOKMARK [1][-]{section.7.2}{Para saber mais}{chapter.7}% 37
\BOOKMARK [0][-]{section*.13}{Refer\352ncias bibliogr\341ficas}{}% 38
\BOOKMARK [0][-]{appendix.A}{Informa\347\365es adicionais}{}% 39
